{"/mnt/c/xampp2/htdocs/the-movie-zone/src/api.js": {"path":"/mnt/c/xampp2/htdocs/the-movie-zone/src/api.js","statementMap":{"0":{"start":{"line":4,"column":17},"end":{"line":7,"column":2}},"1":{"start":{"line":11,"column":4},"end":{"line":18,"column":43}},"2":{"start":{"line":18,"column":22},"end":{"line":18,"column":41}},"3":{"start":{"line":21,"column":4},"end":{"line":27,"column":42}},"4":{"start":{"line":27,"column":22},"end":{"line":27,"column":40}}},"fnMap":{"0":{"name":"(anonymous_0)","decl":{"start":{"line":18,"column":12},"end":{"line":18,"column":13}},"loc":{"start":{"line":18,"column":22},"end":{"line":18,"column":41}},"line":18},"1":{"name":"(anonymous_1)","decl":{"start":{"line":27,"column":12},"end":{"line":27,"column":13}},"loc":{"start":{"line":27,"column":22},"end":{"line":27,"column":40}},"line":27}},"branchMap":{},"s":{"0":1,"1":1,"2":1,"3":1,"4":1},"f":{"0":1,"1":1},"b":{},"_coverageSchema":"332fd63041d2c1bcb487cc26dd0d5f7d97098a6c","hash":"09414dbc8aa8e2b8e3749b1e0db0f65dc0018e43"}
,"/mnt/c/xampp2/htdocs/the-movie-zone/src/registerServiceWorker.js": {"path":"/mnt/c/xampp2/htdocs/the-movie-zone/src/registerServiceWorker.js","statementMap":{"0":{"start":{"line":3,"column":0},"end":{"line":null,"column":-1}},"1":{"start":{"line":5,"column":0},"end":{"line":34,"column":1}},"2":{"start":{"line":6,"column":2},"end":{"line":null,"column":-1}},"3":{"start":{"line":8,"column":6},"end":{"line":null,"column":-1}},"4":{"start":{"line":14,"column":6},"end":{"line":null,"column":-1}},"5":{"start":{"line":17,"column":6},"end":{"line":null,"column":-1}},"6":{"start":{"line":20,"column":6},"end":{"line":null,"column":-1}},"7":{"start":{"line":23,"column":6},"end":{"line":null,"column":-1}},"8":{"start":{"line":26,"column":6},"end":{"line":null,"column":-1}},"9":{"start":{"line":31,"column":6},"end":{"line":null,"column":-1}}},"fnMap":{},"branchMap":{"0":{"loc":{"start":{"line":5,"column":0},"end":{"line":34,"column":1}},"type":"if","locations":[{"start":{"line":5,"column":0},"end":{"line":34,"column":1}},{"start":{"line":5,"column":0},"end":{"line":34,"column":1}}]}},"s":{"0":0,"1":0,"2":0,"3":0,"4":0,"5":0,"6":0,"7":0,"8":0,"9":0},"f":{},"b":{"0":[0,0]}}
,"/mnt/c/xampp2/htdocs/the-movie-zone/src/router.js": {"path":"/mnt/c/xampp2/htdocs/the-movie-zone/src/router.js","statementMap":{"0":{"start":{"line":1,"column":0},"end":{"line":null,"column":-1}},"1":{"start":{"line":2,"column":0},"end":{"line":null,"column":-1}},"2":{"start":{"line":3,"column":0},"end":{"line":null,"column":-1}},"3":{"start":{"line":5,"column":0},"end":{"line":null,"column":-1}}},"fnMap":{},"branchMap":{},"s":{"0":0,"1":0,"2":0,"3":0},"f":{},"b":{}}
,"/mnt/c/xampp2/htdocs/the-movie-zone/src/components/VMovieListItem.vue": {"path":"/mnt/c/xampp2/htdocs/the-movie-zone/src/components/VMovieListItem.vue","statementMap":{"0":{"start":{"line":2,"column":0},"end":{"line":null,"column":-1}},"1":{"start":{"line":14,"column":0},"end":{"line":null,"column":-1}},"2":{"start":{"line":20,"column":0},"end":{"line":24,"column":0}},"3":{"start":{"line":21,"column":0},"end":{"line":null,"column":-1}},"4":{"start":{"line":28,"column":0},"end":{"line":null,"column":-1}}},"fnMap":{},"branchMap":{"0":{"loc":{"start":{"line":20,"column":0},"end":{"line":24,"column":0}},"type":"if","locations":[{"start":{"line":20,"column":0},"end":{"line":24,"column":0}},{"start":{"line":20,"column":0},"end":{"line":24,"column":0}}]}},"s":{"0":0,"1":0,"2":0,"3":0,"4":0},"f":{},"b":{"0":[0,0]}}
,"/mnt/c/xampp2/htdocs/the-movie-zone/src/components/VNoResults.vue": {"path":"/mnt/c/xampp2/htdocs/the-movie-zone/src/components/VNoResults.vue","statementMap":{"0":{"start":{"line":5,"column":0},"end":{"line":null,"column":-1}}},"fnMap":{},"branchMap":{},"s":{"0":0},"f":{},"b":{}}
,"/mnt/c/xampp2/htdocs/the-movie-zone/src/components/VStarRating.vue": {"path":"/mnt/c/xampp2/htdocs/the-movie-zone/src/components/VStarRating.vue","statementMap":{"0":{"start":{"line":8,"column":0},"end":{"line":null,"column":-1}}},"fnMap":{"0":{"name":"(anonymous_1)","decl":{"start":{"line":8,"column":0},"end":{"line":null,"column":-1}},"loc":{"start":{"line":8,"column":0},"end":{"line":null,"column":-1}}}},"branchMap":{},"s":{"0":0},"f":{"0":0},"b":{}}
,"/mnt/c/xampp2/htdocs/the-movie-zone/src/store/actions.js": {"path":"/mnt/c/xampp2/htdocs/the-movie-zone/src/store/actions.js","statementMap":{"0":{"start":{"line":5,"column":4},"end":{"line":14,"column":7}},"1":{"start":{"line":6,"column":6},"end":{"line":13,"column":7}},"2":{"start":{"line":7,"column":23},"end":{"line":7,"column":44}},"3":{"start":{"line":8,"column":8},"end":{"line":8,"column":37}},"4":{"start":{"line":9,"column":8},"end":{"line":9,"column":31}},"5":{"start":{"line":11,"column":8},"end":{"line":11,"column":22}},"6":{"start":{"line":12,"column":8},"end":{"line":12,"column":37}},"7":{"start":{"line":17,"column":4},"end":{"line":27,"column":7}},"8":{"start":{"line":18,"column":6},"end":{"line":26,"column":7}},"9":{"start":{"line":19,"column":23},"end":{"line":19,"column":44}},"10":{"start":{"line":20,"column":8},"end":{"line":20,"column":37}},"11":{"start":{"line":21,"column":8},"end":{"line":21,"column":31}},"12":{"start":{"line":24,"column":8},"end":{"line":24,"column":22}},"13":{"start":{"line":25,"column":8},"end":{"line":25,"column":37}},"14":{"start":{"line":34,"column":17},"end":{"line":34,"column":45}},"15":{"start":{"line":35,"column":17},"end":{"line":35,"column":45}},"16":{"start":{"line":37,"column":4},"end":{"line":37,"column":33}},"17":{"start":{"line":39,"column":24},"end":{"line":39,"column":26}},"18":{"start":{"line":42,"column":20},"end":{"line":50,"column":5}},"19":{"start":{"line":44,"column":6},"end":{"line":47,"column":9}},"20":{"start":{"line":46,"column":8},"end":{"line":46,"column":48}},"21":{"start":{"line":49,"column":6},"end":{"line":49,"column":51}},"22":{"start":{"line":51,"column":4},"end":{"line":51,"column":22}},"23":{"start":{"line":54,"column":23},"end":{"line":58,"column":5}},"24":{"start":{"line":56,"column":6},"end":{"line":56,"column":63}},"25":{"start":{"line":56,"column":38},"end":{"line":56,"column":61}},"26":{"start":{"line":57,"column":6},"end":{"line":57,"column":34}},"27":{"start":{"line":59,"column":4},"end":{"line":59,"column":47}},"28":{"start":{"line":61,"column":22},"end":{"line":61,"column":24}},"29":{"start":{"line":62,"column":22},"end":{"line":62,"column":24}},"30":{"start":{"line":65,"column":6},"end":{"line":67,"column":9}},"31":{"start":{"line":66,"column":8},"end":{"line":66,"column":24}},"32":{"start":{"line":69,"column":27},"end":{"line":79,"column":5}},"33":{"start":{"line":71,"column":6},"end":{"line":76,"column":9}},"34":{"start":{"line":73,"column":8},"end":{"line":73,"column":75}},"35":{"start":{"line":73,"column":42},"end":{"line":73,"column":73}},"36":{"start":{"line":74,"column":8},"end":{"line":74,"column":56}},"37":{"start":{"line":75,"column":8},"end":{"line":75,"column":32}},"38":{"start":{"line":78,"column":6},"end":{"line":78,"column":25}},"39":{"start":{"line":80,"column":4},"end":{"line":80,"column":59}}},"fnMap":{"0":{"name":"(anonymous_0)","decl":{"start":{"line":5,"column":23},"end":{"line":5,"column":24}},"loc":{"start":{"line":5,"column":50},"end":{"line":14,"column":5}},"line":5},"1":{"name":"(anonymous_1)","decl":{"start":{"line":17,"column":23},"end":{"line":17,"column":24}},"loc":{"start":{"line":17,"column":50},"end":{"line":27,"column":5}},"line":17},"2":{"name":"(anonymous_2)","decl":{"start":{"line":42,"column":20},"end":{"line":42,"column":21}},"loc":{"start":{"line":42,"column":31},"end":{"line":50,"column":5}},"line":42},"3":{"name":"(anonymous_3)","decl":{"start":{"line":44,"column":22},"end":{"line":44,"column":23}},"loc":{"start":{"line":44,"column":32},"end":{"line":47,"column":7}},"line":44},"4":{"name":"(anonymous_4)","decl":{"start":{"line":54,"column":23},"end":{"line":54,"column":24}},"loc":{"start":{"line":54,"column":34},"end":{"line":58,"column":5}},"line":54},"5":{"name":"(anonymous_5)","decl":{"start":{"line":56,"column":32},"end":{"line":56,"column":33}},"loc":{"start":{"line":56,"column":38},"end":{"line":56,"column":61}},"line":56},"6":{"name":"valuesToArray","decl":{"start":{"line":64,"column":13},"end":{"line":64,"column":26}},"loc":{"start":{"line":64,"column":32},"end":{"line":68,"column":5}},"line":64},"7":{"name":"(anonymous_7)","decl":{"start":{"line":65,"column":34},"end":{"line":65,"column":35}},"loc":{"start":{"line":65,"column":48},"end":{"line":67,"column":7}},"line":65},"8":{"name":"(anonymous_8)","decl":{"start":{"line":69,"column":27},"end":{"line":69,"column":28}},"loc":{"start":{"line":69,"column":47},"end":{"line":79,"column":5}},"line":69},"9":{"name":"(anonymous_9)","decl":{"start":{"line":71,"column":21},"end":{"line":71,"column":22}},"loc":{"start":{"line":71,"column":30},"end":{"line":76,"column":7}},"line":71},"10":{"name":"(anonymous_10)","decl":{"start":{"line":73,"column":36},"end":{"line":73,"column":37}},"loc":{"start":{"line":73,"column":42},"end":{"line":73,"column":73}},"line":73}},"branchMap":{},"s":{"0":1,"1":1,"2":1,"3":1,"4":1,"5":0,"6":0,"7":1,"8":1,"9":1,"10":1,"11":1,"12":0,"13":0,"14":0,"15":0,"16":0,"17":0,"18":0,"19":0,"20":0,"21":0,"22":0,"23":0,"24":0,"25":0,"26":0,"27":0,"28":0,"29":0,"30":0,"31":0,"32":0,"33":0,"34":0,"35":0,"36":0,"37":0,"38":0,"39":0},"f":{"0":1,"1":1,"2":0,"3":0,"4":0,"5":0,"6":0,"7":0,"8":0,"9":0,"10":0},"b":{},"_coverageSchema":"332fd63041d2c1bcb487cc26dd0d5f7d97098a6c","hash":"96837b41a63dcd68f362b7c52c922222e5fa79ff"}
,"/mnt/c/xampp2/htdocs/the-movie-zone/src/store/getters.js": {"path":"/mnt/c/xampp2/htdocs/the-movie-zone/src/store/getters.js","statementMap":{"0":{"start":{"line":3,"column":5},"end":{"line":null,"column":-1}}},"fnMap":{"0":{"name":"(anonymous_0)","decl":{"start":{"line":2,"column":9},"end":{"line":2,"column":13}},"loc":{"start":{"line":2,"column":18},"end":{"line":4,"column":2}}}},"branchMap":{},"s":{"0":0},"f":{"0":0},"b":{}}
,"/mnt/c/xampp2/htdocs/the-movie-zone/src/store/index.js": {"path":"/mnt/c/xampp2/htdocs/the-movie-zone/src/store/index.js","statementMap":{"0":{"start":{"line":1,"column":0},"end":{"line":null,"column":-1}},"1":{"start":{"line":2,"column":0},"end":{"line":null,"column":-1}},"2":{"start":{"line":3,"column":0},"end":{"line":null,"column":-1}},"3":{"start":{"line":4,"column":0},"end":{"line":null,"column":-1}},"4":{"start":{"line":5,"column":0},"end":{"line":null,"column":-1}},"5":{"start":{"line":6,"column":0},"end":{"line":null,"column":-1}}},"fnMap":{},"branchMap":{},"s":{"0":0,"1":0,"2":0,"3":0,"4":0,"5":0},"f":{},"b":{}}
,"/mnt/c/xampp2/htdocs/the-movie-zone/src/store/mutations.js": {"path":"/mnt/c/xampp2/htdocs/the-movie-zone/src/store/mutations.js","statementMap":{"0":{"start":{"line":3,"column":4},"end":{"line":null,"column":-1}},"1":{"start":{"line":6,"column":4},"end":{"line":null,"column":-1}},"2":{"start":{"line":9,"column":4},"end":{"line":null,"column":-1}}},"fnMap":{},"branchMap":{},"s":{"0":0,"1":0,"2":0},"f":{},"b":{}}
,"/mnt/c/xampp2/htdocs/the-movie-zone/src/views/UserView.vue": {"path":"/mnt/c/xampp2/htdocs/the-movie-zone/src/views/UserView.vue","statementMap":{"0":{"start":{"line":2,"column":0},"end":{"line":null,"column":-1}},"1":{"start":{"line":3,"column":0},"end":{"line":null,"column":-1}},"2":{"start":{"line":4,"column":0},"end":{"line":null,"column":-1}},"3":{"start":{"line":5,"column":0},"end":{"line":null,"column":-1}},"4":{"start":{"line":6,"column":0},"end":{"line":null,"column":-1}},"5":{"start":{"line":7,"column":0},"end":{"line":null,"column":-1}},"6":{"start":{"line":8,"column":0},"end":{"line":null,"column":-1}},"7":{"start":{"line":26,"column":0},"end":{"line":null,"column":-1}},"8":{"start":{"line":27,"column":0},"end":{"line":null,"column":-1}},"9":{"start":{"line":28,"column":0},"end":{"line":null,"column":-1}},"10":{"start":{"line":29,"column":0},"end":{"line":31,"column":0}},"11":{"start":{"line":30,"column":0},"end":{"line":null,"column":-1}},"12":{"start":{"line":32,"column":0},"end":{"line":null,"column":-1}},"13":{"start":{"line":36,"column":0},"end":{"line":null,"column":-1}},"14":{"start":{"line":38,"column":0},"end":{"line":null,"column":-1}},"15":{"start":{"line":39,"column":0},"end":{"line":null,"column":-1}},"16":{"start":{"line":42,"column":0},"end":{"line":null,"column":-1}},"17":{"start":{"line":44,"column":0},"end":{"line":null,"column":-1}},"18":{"start":{"line":49,"column":0},"end":{"line":null,"column":-1}},"19":{"start":{"line":54,"column":0},"end":{"line":null,"column":-1}},"20":{"start":{"line":56,"column":0},"end":{"line":null,"column":-1}},"21":{"start":{"line":57,"column":0},"end":{"line":null,"column":-1}},"22":{"start":{"line":59,"column":0},"end":{"line":66,"column":0}},"23":{"start":{"line":60,"column":0},"end":{"line":62,"column":0}},"24":{"start":{"line":62,"column":0},"end":{"line":null,"column":-1}},"25":{"start":{"line":65,"column":0},"end":{"line":null,"column":-1}},"26":{"start":{"line":67,"column":0},"end":{"line":72,"column":0}},"27":{"start":{"line":68,"column":0},"end":{"line":70,"column":0}},"28":{"start":{"line":69,"column":0},"end":{"line":null,"column":-1}},"29":{"start":{"line":71,"column":0},"end":{"line":null,"column":-1}},"30":{"start":{"line":75,"column":0},"end":{"line":null,"column":-1}},"31":{"start":{"line":79,"column":0},"end":{"line":null,"column":-1}},"32":{"start":{"line":86,"column":0},"end":{"line":88,"column":0}},"33":{"start":{"line":87,"column":0},"end":{"line":null,"column":-1}}},"fnMap":{"0":{"name":"(anonymous_1)","decl":{"start":{"line":25,"column":0},"end":{"line":null,"column":-1}},"loc":{"start":{"line":25,"column":0},"end":{"line":33,"column":0}}},"1":{"name":"(anonymous_2)","decl":{"start":{"line":28,"column":0},"end":{"line":null,"column":-1}},"loc":{"start":{"line":28,"column":0},"end":{"line":null,"column":-1}}},"2":{"name":"(anonymous_3)","decl":{"start":{"line":29,"column":0},"end":{"line":null,"column":-1}},"loc":{"start":{"line":29,"column":0},"end":{"line":31,"column":0}}},"3":{"name":"(anonymous_4)","decl":{"start":{"line":35,"column":0},"end":{"line":null,"column":-1}},"loc":{"start":{"line":35,"column":0},"end":{"line":46,"column":0}}},"4":{"name":"(anonymous_5)","decl":{"start":{"line":53,"column":0},"end":{"line":null,"column":-1}},"loc":{"start":{"line":53,"column":0},"end":{"line":73,"column":0}}},"5":{"name":"(anonymous_6)","decl":{"start":{"line":60,"column":0},"end":{"line":null,"column":-1}},"loc":{"start":{"line":62,"column":0},"end":{"line":null,"column":-1}}},"6":{"name":"(anonymous_7)","decl":{"start":{"line":62,"column":0},"end":{"line":null,"column":-1}},"loc":{"start":{"line":62,"column":0},"end":{"line":null,"column":-1}}},"7":{"name":"(anonymous_8)","decl":{"start":{"line":68,"column":0},"end":{"line":null,"column":-1}},"loc":{"start":{"line":68,"column":0},"end":{"line":70,"column":0}}},"8":{"name":"(anonymous_9)","decl":{"start":{"line":86,"column":0},"end":{"line":null,"column":-1}},"loc":{"start":{"line":86,"column":0},"end":{"line":88,"column":0}}}},"branchMap":{"0":{"loc":{"start":{"line":37,"column":0},"end":{"line":39,"column":0}},"type":"switch","locations":[{"start":{"line":37,"column":0},"end":{"line":39,"column":0}},{"start":{"line":40,"column":0},"end":{"line":null,"column":-1}},{"start":{"line":41,"column":0},"end":{"line":44,"column":0}}]},"1":{"loc":{"start":{"line":59,"column":0},"end":{"line":66,"column":0}},"type":"if","locations":[{"start":{"line":59,"column":0},"end":{"line":66,"column":0}},{"start":{"line":59,"column":0},"end":{"line":66,"column":0}}]},"2":{"loc":{"start":{"line":67,"column":0},"end":{"line":72,"column":0}},"type":"if","locations":[{"start":{"line":67,"column":0},"end":{"line":72,"column":0}},{"start":{"line":67,"column":0},"end":{"line":72,"column":0}}]}},"s":{"0":0,"1":0,"2":0,"3":0,"4":0,"5":0,"6":0,"7":0,"8":0,"9":0,"10":0,"11":0,"12":0,"13":0,"14":0,"15":0,"16":0,"17":0,"18":0,"19":0,"20":0,"21":0,"22":0,"23":0,"24":0,"25":0,"26":0,"27":0,"28":0,"29":0,"30":0,"31":0,"32":0,"33":0},"f":{"0":0,"1":0,"2":0,"3":0,"4":0,"5":0,"6":0,"7":0,"8":0},"b":{"0":[0,0,0],"1":[0,0],"2":[0,0]}}
}
