TN:
SF:/mnt/c/xampp2/htdocs/the-movie-zone/src/api.js
FN:18,(anonymous_0)
FN:27,(anonymous_1)
FNF:2
FNH:2
FNDA:1,(anonymous_0)
FNDA:1,(anonymous_1)
DA:4,1
DA:11,1
DA:18,1
DA:21,1
DA:27,1
LF:5
LH:5
BRF:0
BRH:0
end_of_record
TN:
SF:/mnt/c/xampp2/htdocs/the-movie-zone/src/registerServiceWorker.js
FNF:0
FNH:0
DA:3,0
DA:5,0
DA:6,0
DA:8,0
DA:14,0
DA:17,0
DA:20,0
DA:23,0
DA:26,0
DA:31,0
LF:10
LH:0
BRDA:5,0,0,0
BRDA:5,0,1,0
BRF:2
BRH:0
end_of_record
TN:
SF:/mnt/c/xampp2/htdocs/the-movie-zone/src/router.js
FNF:0
FNH:0
DA:1,0
DA:2,0
DA:3,0
DA:5,0
LF:4
LH:0
BRF:0
BRH:0
end_of_record
TN:
SF:/mnt/c/xampp2/htdocs/the-movie-zone/src/components/VMovieListItem.vue
FNF:0
FNH:0
DA:2,0
DA:14,0
DA:20,0
DA:21,0
DA:28,0
LF:5
LH:0
BRDA:20,0,0,0
BRDA:20,0,1,0
BRF:2
BRH:0
end_of_record
TN:
SF:/mnt/c/xampp2/htdocs/the-movie-zone/src/components/VNoResults.vue
FNF:0
FNH:0
DA:5,0
LF:1
LH:0
BRF:0
BRH:0
end_of_record
TN:
SF:/mnt/c/xampp2/htdocs/the-movie-zone/src/components/VStarRating.vue
FN:8,(anonymous_1)
FNF:1
FNH:0
FNDA:0,(anonymous_1)
DA:8,0
LF:1
LH:0
BRF:0
BRH:0
end_of_record
TN:
SF:/mnt/c/xampp2/htdocs/the-movie-zone/src/store/actions.js
FN:5,(anonymous_0)
FN:17,(anonymous_1)
FN:42,(anonymous_2)
FN:44,(anonymous_3)
FN:54,(anonymous_4)
FN:56,(anonymous_5)
FN:64,valuesToArray
FN:65,(anonymous_7)
FN:69,(anonymous_8)
FN:71,(anonymous_9)
FN:73,(anonymous_10)
FNF:11
FNH:2
FNDA:1,(anonymous_0)
FNDA:1,(anonymous_1)
FNDA:0,(anonymous_2)
FNDA:0,(anonymous_3)
FNDA:0,(anonymous_4)
FNDA:0,(anonymous_5)
FNDA:0,valuesToArray
FNDA:0,(anonymous_7)
FNDA:0,(anonymous_8)
FNDA:0,(anonymous_9)
FNDA:0,(anonymous_10)
DA:5,1
DA:6,1
DA:7,1
DA:8,1
DA:9,1
DA:11,0
DA:12,0
DA:17,1
DA:18,1
DA:19,1
DA:20,1
DA:21,1
DA:24,0
DA:25,0
DA:34,0
DA:35,0
DA:37,0
DA:39,0
DA:42,0
DA:44,0
DA:46,0
DA:49,0
DA:51,0
DA:54,0
DA:56,0
DA:57,0
DA:59,0
DA:61,0
DA:62,0
DA:65,0
DA:66,0
DA:69,0
DA:71,0
DA:73,0
DA:74,0
DA:75,0
DA:78,0
DA:80,0
LF:38
LH:10
BRF:0
BRH:0
end_of_record
TN:
SF:/mnt/c/xampp2/htdocs/the-movie-zone/src/store/getters.js
FN:2,(anonymous_0)
FNF:1
FNH:0
FNDA:0,(anonymous_0)
DA:3,0
LF:1
LH:0
BRF:0
BRH:0
end_of_record
TN:
SF:/mnt/c/xampp2/htdocs/the-movie-zone/src/store/index.js
FNF:0
FNH:0
DA:1,0
DA:2,0
DA:3,0
DA:4,0
DA:5,0
DA:6,0
LF:6
LH:0
BRF:0
BRH:0
end_of_record
TN:
SF:/mnt/c/xampp2/htdocs/the-movie-zone/src/store/mutations.js
FNF:0
FNH:0
DA:3,0
DA:6,0
DA:9,0
LF:3
LH:0
BRF:0
BRH:0
end_of_record
TN:
SF:/mnt/c/xampp2/htdocs/the-movie-zone/src/views/UserView.vue
FN:25,(anonymous_1)
FN:28,(anonymous_2)
FN:29,(anonymous_3)
FN:35,(anonymous_4)
FN:53,(anonymous_5)
FN:60,(anonymous_6)
FN:62,(anonymous_7)
FN:68,(anonymous_8)
FN:86,(anonymous_9)
FNF:9
FNH:0
FNDA:0,(anonymous_1)
FNDA:0,(anonymous_2)
FNDA:0,(anonymous_3)
FNDA:0,(anonymous_4)
FNDA:0,(anonymous_5)
FNDA:0,(anonymous_6)
FNDA:0,(anonymous_7)
FNDA:0,(anonymous_8)
FNDA:0,(anonymous_9)
DA:2,0
DA:3,0
DA:4,0
DA:5,0
DA:6,0
DA:7,0
DA:8,0
DA:26,0
DA:27,0
DA:28,0
DA:29,0
DA:30,0
DA:32,0
DA:36,0
DA:38,0
DA:39,0
DA:42,0
DA:44,0
DA:49,0
DA:54,0
DA:56,0
DA:57,0
DA:59,0
DA:60,0
DA:62,0
DA:65,0
DA:67,0
DA:68,0
DA:69,0
DA:71,0
DA:75,0
DA:79,0
DA:86,0
DA:87,0
LF:34
LH:0
BRDA:37,0,0,0
BRDA:37,0,1,0
BRDA:37,0,2,0
BRDA:59,1,0,0
BRDA:59,1,1,0
BRDA:67,2,0,0
BRDA:67,2,1,0
BRF:7
BRH:0
end_of_record
